This is XeTeX, Version 3.141592653-2.6-0.999993 (TeX Live 2021) (preloaded format=xelatex 2021.12.15)  26 DEC 2021 13:37
entering extended mode
 restricted \write18 enabled.
 %&-line parsing enabled.
**DataManagement.tex
(./DataManagement.tex
LaTeX2e <2021-11-15> patch level 1
L3 programming layer <2021-11-22> (/Users/rickwatson/Library/TinyTeX/texmf-dist
/tex/latex/base/article.cls
Document Class: article 2021/10/04 v1.4n Standard LaTeX document class
(/Users/rickwatson/Library/TinyTeX/texmf-dist/tex/latex/base/size10.clo
File: size10.clo 2021/10/04 v1.4n Standard LaTeX file (size option)
)
\c@part=\count179
\c@section=\count180
\c@subsection=\count181
\c@subsubsection=\count182
\c@paragraph=\count183
\c@subparagraph=\count184
\c@figure=\count185
\c@table=\count186
\abovecaptionskip=\skip47
\belowcaptionskip=\skip48
\bibindent=\dimen138
) (/Users/rickwatson/Library/TinyTeX/texmf-dist/tex/latex/amsmath/amsmath.sty
Package: amsmath 2021/10/15 v2.17l AMS math features
\@mathmargin=\skip49
For additional information on amsmath, use the `?' option.
(/Users/rickwatson/Library/TinyTeX/texmf-dist/tex/latex/amsmath/amstext.sty
Package: amstext 2021/08/26 v2.01 AMS text
(/Users/rickwatson/Library/TinyTeX/texmf-dist/tex/latex/amsmath/amsgen.sty
File: amsgen.sty 1999/11/30 v2.0 generic functions
\@emptytoks=\toks16
\ex@=\dimen139
)) (/Users/rickwatson/Library/TinyTeX/texmf-dist/tex/latex/amsmath/amsbsy.sty
Package: amsbsy 1999/11/29 v1.2d Bold Symbols
\pmbraise@=\dimen140
) (/Users/rickwatson/Library/TinyTeX/texmf-dist/tex/latex/amsmath/amsopn.sty
Package: amsopn 2021/08/26 v2.02 operator names
)
\inf@bad=\count187
LaTeX Info: Redefining \frac on input line 234.
\uproot@=\count188
\leftroot@=\count189
LaTeX Info: Redefining \overline on input line 399.
\classnum@=\count190
\DOTSCASE@=\count191
LaTeX Info: Redefining \ldots on input line 496.
LaTeX Info: Redefining \dots on input line 499.
LaTeX Info: Redefining \cdots on input line 620.
\Mathstrutbox@=\box50
\strutbox@=\box51
\big@size=\dimen141
LaTeX Font Info:    Redeclaring font encoding OML on input line 743.
LaTeX Font Info:    Redeclaring font encoding OMS on input line 744.
\macc@depth=\count192
\c@MaxMatrixCols=\count193
\dotsspace@=\muskip16
\c@parentequation=\count194
\dspbrk@lvl=\count195
\tag@help=\toks17
\row@=\count196
\column@=\count197
\maxfields@=\count198
\andhelp@=\toks18
\eqnshift@=\dimen142
\alignsep@=\dimen143
\tagshift@=\dimen144
\tagwidth@=\dimen145
\totwidth@=\dimen146
\lineht@=\dimen147
\@envbody=\toks19
\multlinegap=\skip50
\multlinetaggap=\skip51
\mathdisplay@stack=\toks20
LaTeX Info: Redefining \[ on input line 2938.
LaTeX Info: Redefining \] on input line 2939.
) (/Users/rickwatson/Library/TinyTeX/texmf-dist/tex/latex/amsfonts/amssymb.sty
Package: amssymb 2013/01/14 v3.01 AMS font symbols
(/Users/rickwatson/Library/TinyTeX/texmf-dist/tex/latex/amsfonts/amsfonts.sty
Package: amsfonts 2013/01/14 v3.01 Basic AMSFonts support
\symAMSa=\mathgroup4
\symAMSb=\mathgroup5
LaTeX Font Info:    Redeclaring math symbol \hbar on input line 98.
LaTeX Font Info:    Overwriting math alphabet `\mathfrak' in version `bold'
(Font)                  U/euf/m/n --> U/euf/b/n on input line 106.
)) (/Users/rickwatson/Library/TinyTeX/texmf-dist/tex/latex/lm/lmodern.sty
Package: lmodern 2015/05/01 v1.6.1 Latin Modern Fonts
LaTeX Font Info:    Overwriting symbol font `operators' in version `normal'
(Font)                  OT1/cmr/m/n --> OT1/lmr/m/n on input line 22.
LaTeX Font Info:    Overwriting symbol font `letters' in version `normal'
(Font)                  OML/cmm/m/it --> OML/lmm/m/it on input line 23.
LaTeX Font Info:    Overwriting symbol font `symbols' in version `normal'
(Font)                  OMS/cmsy/m/n --> OMS/lmsy/m/n on input line 24.
LaTeX Font Info:    Overwriting symbol font `largesymbols' in version `normal'
(Font)                  OMX/cmex/m/n --> OMX/lmex/m/n on input line 25.
LaTeX Font Info:    Overwriting symbol font `operators' in version `bold'
(Font)                  OT1/cmr/bx/n --> OT1/lmr/bx/n on input line 26.
LaTeX Font Info:    Overwriting symbol font `letters' in version `bold'
(Font)                  OML/cmm/b/it --> OML/lmm/b/it on input line 27.
LaTeX Font Info:    Overwriting symbol font `symbols' in version `bold'
(Font)                  OMS/cmsy/b/n --> OMS/lmsy/b/n on input line 28.
LaTeX Font Info:    Overwriting symbol font `largesymbols' in version `bold'
(Font)                  OMX/cmex/m/n --> OMX/lmex/m/n on input line 29.
LaTeX Font Info:    Overwriting math alphabet `\mathbf' in version `normal'
(Font)                  OT1/cmr/bx/n --> OT1/lmr/bx/n on input line 31.
LaTeX Font Info:    Overwriting math alphabet `\mathsf' in version `normal'
(Font)                  OT1/cmss/m/n --> OT1/lmss/m/n on input line 32.
LaTeX Font Info:    Overwriting math alphabet `\mathit' in version `normal'
(Font)                  OT1/cmr/m/it --> OT1/lmr/m/it on input line 33.
LaTeX Font Info:    Overwriting math alphabet `\mathtt' in version `normal'
(Font)                  OT1/cmtt/m/n --> OT1/lmtt/m/n on input line 34.
LaTeX Font Info:    Overwriting math alphabet `\mathbf' in version `bold'
(Font)                  OT1/cmr/bx/n --> OT1/lmr/bx/n on input line 35.
LaTeX Font Info:    Overwriting math alphabet `\mathsf' in version `bold'
(Font)                  OT1/cmss/bx/n --> OT1/lmss/bx/n on input line 36.
LaTeX Font Info:    Overwriting math alphabet `\mathit' in version `bold'
(Font)                  OT1/cmr/bx/it --> OT1/lmr/bx/it on input line 37.
LaTeX Font Info:    Overwriting math alphabet `\mathtt' in version `bold'
(Font)                  OT1/cmtt/m/n --> OT1/lmtt/m/n on input line 38.
) (/Users/rickwatson/Library/TinyTeX/texmf-dist/tex/generic/iftex/iftex.sty
Package: iftex 2020/03/06 v1.0d TeX engine tests
)
(/Users/rickwatson/Library/TinyTeX/texmf-dist/tex/latex/unicode-math/unicode-ma
th.sty (/Users/rickwatson/Library/TinyTeX/texmf-dist/tex/latex/l3kernel/expl3.s
ty
Package: expl3 2021-11-22 L3 programming layer (loader) 

(/Users/rickwatson/Library/TinyTeX/texmf-dist/tex/latex/l3backend/l3backend-xet
ex.def
File: l3backend-xetex.def 2021-12-14 L3 backend support: XeTeX
(|extractbb --version)
\c__kernel_sys_dvipdfmx_version_int=\count199
\l__color_backend_stack_int=\count266
\g__color_backend_stack_int=\count267
\g__graphics_track_int=\count268
\l__pdf_internal_box=\box52
\g__pdf_backend_object_int=\count269
\g__pdf_backend_annotation_int=\count270
\g__pdf_backend_link_int=\count271
))
Package: unicode-math 2020/01/31 v0.8q Unicode maths in XeLaTeX and LuaLaTeX

(/Users/rickwatson/Library/TinyTeX/texmf-dist/tex/latex/unicode-math/unicode-ma
th-xetex.sty
Package: unicode-math-xetex 2020/01/31 v0.8q Unicode maths in XeLaTeX and LuaLa
TeX

(/Users/rickwatson/Library/TinyTeX/texmf-dist/tex/latex/l3packages/xparse/xpars
e.sty
Package: xparse 2021-11-12 L3 Experimental document command parser
)
(/Users/rickwatson/Library/TinyTeX/texmf-dist/tex/latex/l3packages/l3keys2e/l3k
eys2e.sty
Package: l3keys2e 2021-11-12 LaTeX2e option processing using LaTeX3 keys
) (/Users/rickwatson/Library/TinyTeX/texmf-dist/tex/latex/fontspec/fontspec.sty
Package: fontspec 2020/02/21 v2.7i Font selection for XeLaTeX and LuaLaTeX

(/Users/rickwatson/Library/TinyTeX/texmf-dist/tex/latex/fontspec/fontspec-xetex
.sty
Package: fontspec-xetex 2020/02/21 v2.7i Font selection for XeLaTeX and LuaLaTe
X
\l__fontspec_script_int=\count272
\l__fontspec_language_int=\count273
\l__fontspec_strnum_int=\count274
\l__fontspec_tmp_int=\count275
\l__fontspec_tmpa_int=\count276
\l__fontspec_tmpb_int=\count277
\l__fontspec_tmpc_int=\count278
\l__fontspec_em_int=\count279
\l__fontspec_emdef_int=\count280
\l__fontspec_strong_int=\count281
\l__fontspec_strongdef_int=\count282
\l__fontspec_tmpa_dim=\dimen148
\l__fontspec_tmpb_dim=\dimen149
\l__fontspec_tmpc_dim=\dimen150
(/Users/rickwatson/Library/TinyTeX/texmf-dist/tex/latex/base/fontenc.sty
Package: fontenc 2021/04/29 v2.0v Standard LaTeX package
) (/Users/rickwatson/Library/TinyTeX/texmf-dist/tex/latex/fontspec/fontspec.cfg
))) (/Users/rickwatson/Library/TinyTeX/texmf-dist/tex/latex/base/fix-cm.sty
Package: fix-cm 2020/11/24 v1.1t fixes to LaTeX
(/Users/rickwatson/Library/TinyTeX/texmf-dist/tex/latex/base/ts1enc.def
File: ts1enc.def 2001/06/05 v3.0e (jk/car/fm) Standard LaTeX file
LaTeX Font Info:    Redeclaring font encoding TS1 on input line 47.
))
\g__um_fam_int=\count283
\g__um_fonts_used_int=\count284
\l__um_primecount_int=\count285
\g__um_primekern_muskip=\muskip17

(/Users/rickwatson/Library/TinyTeX/texmf-dist/tex/latex/unicode-math/unicode-ma
th-table.tex))) (/Users/rickwatson/Library/TinyTeX/texmf-dist/tex/latex/xcolor/
xcolor.sty
Package: xcolor 2021/10/31 v2.13 LaTeX color extensions (UK)
(/Users/rickwatson/Library/TinyTeX/texmf-dist/tex/latex/graphics-cfg/color.cfg
File: color.cfg 2016/01/02 v1.6 sample color configuration
)
Package xcolor Info: Driver file: xetex.def on input line 227.
(/Users/rickwatson/Library/TinyTeX/texmf-dist/tex/latex/graphics-def/xetex.def
File: xetex.def 2021/03/18 v5.0k Graphics/color driver for xetex
)
Package xcolor Info: Model `cmy' substituted by `cmy0' on input line 1352.
Package xcolor Info: Model `RGB' extended on input line 1368.
Package xcolor Info: Model `HTML' substituted by `rgb' on input line 1370.
Package xcolor Info: Model `Hsb' substituted by `hsb' on input line 1371.
Package xcolor Info: Model `tHsb' substituted by `hsb' on input line 1372.
Package xcolor Info: Model `HSB' substituted by `hsb' on input line 1373.
Package xcolor Info: Model `Gray' substituted by `gray' on input line 1374.
Package xcolor Info: Model `wave' substituted by `hsb' on input line 1375.
) (/Users/rickwatson/Library/TinyTeX/texmf-dist/tex/latex/hyperref/hyperref.sty
Package: hyperref 2021-06-07 v7.00m Hypertext links for LaTeX
(/Users/rickwatson/Library/TinyTeX/texmf-dist/tex/generic/ltxcmds/ltxcmds.sty
Package: ltxcmds 2020-05-10 v1.25 LaTeX kernel commands for general use (HO)
)
(/Users/rickwatson/Library/TinyTeX/texmf-dist/tex/generic/pdftexcmds/pdftexcmds
.sty
Package: pdftexcmds 2020-06-27 v0.33 Utility functions of pdfTeX for LuaTeX (HO
)

(/Users/rickwatson/Library/TinyTeX/texmf-dist/tex/generic/infwarerr/infwarerr.s
ty
Package: infwarerr 2019/12/03 v1.5 Providing info/warning/error messages (HO)
)
Package pdftexcmds Info: \pdf@primitive is available.
Package pdftexcmds Info: \pdf@ifprimitive is available.
Package pdftexcmds Info: \pdfdraftmode not found.
) (/Users/rickwatson/Library/TinyTeX/texmf-dist/tex/latex/graphics/keyval.sty
Package: keyval 2014/10/28 v1.15 key=value parser (DPC)
\KV@toks@=\toks21
)
(/Users/rickwatson/Library/TinyTeX/texmf-dist/tex/generic/kvsetkeys/kvsetkeys.s
ty
Package: kvsetkeys 2019/12/15 v1.18 Key value parser (HO)
)
(/Users/rickwatson/Library/TinyTeX/texmf-dist/tex/generic/kvdefinekeys/kvdefine
keys.sty
Package: kvdefinekeys 2019-12-19 v1.6 Define keys (HO)
)
(/Users/rickwatson/Library/TinyTeX/texmf-dist/tex/generic/pdfescape/pdfescape.s
ty
Package: pdfescape 2019/12/09 v1.15 Implements pdfTeX's escape features (HO)
) (/Users/rickwatson/Library/TinyTeX/texmf-dist/tex/latex/hycolor/hycolor.sty
Package: hycolor 2020-01-27 v1.10 Color options for hyperref/bookmark (HO)
)
(/Users/rickwatson/Library/TinyTeX/texmf-dist/tex/latex/letltxmacro/letltxmacro
.sty
Package: letltxmacro 2019/12/03 v1.6 Let assignment for LaTeX macros (HO)
) (/Users/rickwatson/Library/TinyTeX/texmf-dist/tex/latex/auxhook/auxhook.sty
Package: auxhook 2019-12-17 v1.6 Hooks for auxiliary files (HO)
)
(/Users/rickwatson/Library/TinyTeX/texmf-dist/tex/latex/kvoptions/kvoptions.sty
Package: kvoptions 2020-10-07 v3.14 Key value format for package options (HO)
)
\@linkdim=\dimen151
\Hy@linkcounter=\count286
\Hy@pagecounter=\count287
(/Users/rickwatson/Library/TinyTeX/texmf-dist/tex/latex/hyperref/pd1enc.def
File: pd1enc.def 2021-06-07 v7.00m Hyperref: PDFDocEncoding definition (HO)
)
(/Users/rickwatson/Library/TinyTeX/texmf-dist/tex/latex/hyperref/hyperref-langp
atches.def
File: hyperref-langpatches.def 2021-06-07 v7.00m Hyperref: patches for babel la
nguages
) (/Users/rickwatson/Library/TinyTeX/texmf-dist/tex/generic/intcalc/intcalc.sty
Package: intcalc 2019/12/15 v1.3 Expandable calculations with integers (HO)
)
(/Users/rickwatson/Library/TinyTeX/texmf-dist/tex/generic/etexcmds/etexcmds.sty
Package: etexcmds 2019/12/15 v1.7 Avoid name clashes with e-TeX commands (HO)
)
\Hy@SavedSpaceFactor=\count288
(/Users/rickwatson/Library/TinyTeX/texmf-dist/tex/latex/hyperref/puenc.def
File: puenc.def 2021-06-07 v7.00m Hyperref: PDF Unicode definition (HO)
)
Package hyperref Info: Option `unicode' set `true' on input line 4073.
Package hyperref Info: Hyper figures OFF on input line 4192.
Package hyperref Info: Link nesting OFF on input line 4197.
Package hyperref Info: Hyper index ON on input line 4200.
Package hyperref Info: Plain pages OFF on input line 4207.
Package hyperref Info: Backreferencing OFF on input line 4212.
Package hyperref Info: Implicit mode ON; LaTeX internals redefined.
Package hyperref Info: Bookmarks ON on input line 4445.
\c@Hy@tempcnt=\count289
(/Users/rickwatson/Library/TinyTeX/texmf-dist/tex/latex/url/url.sty
\Urlmuskip=\muskip18
Package: url 2013/09/16  ver 3.4  Verb mode for urls, etc.
)
LaTeX Info: Redefining \url on input line 4804.
\XeTeXLinkMargin=\dimen152
(/Users/rickwatson/Library/TinyTeX/texmf-dist/tex/generic/bitset/bitset.sty
Package: bitset 2019/12/09 v1.3 Handle bit-vector datatype (HO)

(/Users/rickwatson/Library/TinyTeX/texmf-dist/tex/generic/bigintcalc/bigintcalc
.sty
Package: bigintcalc 2019/12/15 v1.5 Expandable calculations on big integers (HO
)
))
\Fld@menulength=\count290
\Field@Width=\dimen153
\Fld@charsize=\dimen154
Package hyperref Info: Hyper figures OFF on input line 6076.
Package hyperref Info: Link nesting OFF on input line 6081.
Package hyperref Info: Hyper index ON on input line 6084.
Package hyperref Info: backreferencing OFF on input line 6091.
Package hyperref Info: Link coloring OFF on input line 6096.
Package hyperref Info: Link coloring with OCG OFF on input line 6101.
Package hyperref Info: PDF/A mode OFF on input line 6106.
LaTeX Info: Redefining \ref on input line 6146.
LaTeX Info: Redefining \pageref on input line 6150.
(/Users/rickwatson/Library/TinyTeX/texmf-dist/tex/latex/base/atbegshi-ltx.sty
Package: atbegshi-ltx 2021/01/10 v1.0c Emulation of the original atbegshi
package with kernel methods
)
\Hy@abspage=\count291
\c@Item=\count292
\c@Hfootnote=\count293
)
Package hyperref Info: Driver (autodetected): hxetex.
(/Users/rickwatson/Library/TinyTeX/texmf-dist/tex/latex/hyperref/hxetex.def
File: hxetex.def 2021-06-07 v7.00m Hyperref driver for XeTeX

(/Users/rickwatson/Library/TinyTeX/texmf-dist/tex/generic/stringenc/stringenc.s
ty
Package: stringenc 2019/11/29 v1.12 Convert strings between diff. encodings (HO
)
)
\pdfm@box=\box53
\c@Hy@AnnotLevel=\count294
\HyField@AnnotCount=\count295
\Fld@listcount=\count296
\c@bookmark@seq@number=\count297

(/Users/rickwatson/Library/TinyTeX/texmf-dist/tex/latex/rerunfilecheck/rerunfil
echeck.sty
Package: rerunfilecheck 2019/12/05 v1.9 Rerun checks for auxiliary files (HO)
(/Users/rickwatson/Library/TinyTeX/texmf-dist/tex/latex/base/atveryend-ltx.sty
Package: atveryend-ltx 2020/08/19 v1.0a Emulation of the original atveryend pac
kage
with kernel methods
)
(/Users/rickwatson/Library/TinyTeX/texmf-dist/tex/generic/uniquecounter/uniquec
ounter.sty
Package: uniquecounter 2019/12/15 v1.4 Provide unlimited unique counter (HO)
)
Package uniquecounter Info: New unique counter `rerunfilecheck' on input line 2
86.
)
\Hy@SectionHShift=\skip52
) (/Users/rickwatson/Library/TinyTeX/texmf-dist/tex/latex/geometry/geometry.sty
Package: geometry 2020/01/02 v5.9 Page Geometry
(/Users/rickwatson/Library/TinyTeX/texmf-dist/tex/generic/iftex/ifvtex.sty
Package: ifvtex 2019/10/25 v1.7 ifvtex legacy package. Use iftex instead.
)
\Gm@cnth=\count298
\Gm@cntv=\count299
\c@Gm@tempcnt=\count300
\Gm@bindingoffset=\dimen155
\Gm@wd@mp=\dimen156
\Gm@odd@mp=\dimen157
\Gm@even@mp=\dimen158
\Gm@layoutwidth=\dimen159
\Gm@layoutheight=\dimen160
\Gm@layouthoffset=\dimen161
\Gm@layoutvoffset=\dimen162
\Gm@dimlist=\toks22
) (/Users/rickwatson/Library/TinyTeX/texmf-dist/tex/latex/fancyvrb/fancyvrb.sty
Package: fancyvrb 2021/12/21 4.1b verbatim text (tvz,hv)
\FV@CodeLineNo=\count301
\FV@InFile=\read2
\FV@TabBox=\box54
\c@FancyVerbLine=\count302
\FV@StepNumber=\count303
\FV@OutFile=\write3
) (/Users/rickwatson/Library/TinyTeX/texmf-dist/tex/latex/framed/framed.sty
Package: framed 2011/10/22 v 0.96: framed or shaded text with page breaks
\OuterFrameSep=\skip53
\fb@frw=\dimen163
\fb@frh=\dimen164
\FrameRule=\dimen165
\FrameSep=\dimen166
) (/Users/rickwatson/Library/TinyTeX/texmf-dist/tex/latex/tools/longtable.sty
Package: longtable 2021-09-01 v4.17 Multi-page Table package (DPC)
\LTleft=\skip54
\LTright=\skip55
\LTpre=\skip56
\LTpost=\skip57
\LTchunksize=\count304
\LTcapwidth=\dimen167
\LT@head=\box55
\LT@firsthead=\box56
\LT@foot=\box57
\LT@lastfoot=\box58
\LT@gbox=\box59
\LT@cols=\count305
\LT@rows=\count306
\c@LT@tables=\count307
\c@LT@chunks=\count308
\LT@p@ftn=\toks23
) (/Users/rickwatson/Library/TinyTeX/texmf-dist/tex/latex/booktabs/booktabs.sty
Package: booktabs 2020/01/12 v1.61803398 Publication quality tables
\heavyrulewidth=\dimen168
\lightrulewidth=\dimen169
\cmidrulewidth=\dimen170
\belowrulesep=\dimen171
\belowbottomsep=\dimen172
\aboverulesep=\dimen173
\abovetopsep=\dimen174
\cmidrulesep=\dimen175
\cmidrulekern=\dimen176
\defaultaddspace=\dimen177
\@cmidla=\count309
\@cmidlb=\count310
\@aboverulesep=\dimen178
\@belowrulesep=\dimen179
\@thisruleclass=\count311
\@lastruleclass=\count312
\@thisrulewidth=\dimen180
) (/Users/rickwatson/Library/TinyTeX/texmf-dist/tex/latex/tools/array.sty
Package: array 2021/10/04 v2.5f Tabular extension package (FMi)
\col@sep=\dimen181
\ar@mcellbox=\box60
\extrarowheight=\dimen182
\NC@list=\toks24
\extratabsurround=\skip58
\backup@length=\skip59
\ar@cellbox=\box61
) (/Users/rickwatson/Library/TinyTeX/texmf-dist/tex/latex/tools/calc.sty
Package: calc 2017/05/25 v4.3 Infix arithmetic (KKT,FJ)
\calc@Acount=\count313
\calc@Bcount=\count314
\calc@Adimen=\dimen183
\calc@Bdimen=\dimen184
\calc@Askip=\skip60
\calc@Bskip=\skip61
LaTeX Info: Redefining \setlength on input line 80.
LaTeX Info: Redefining \addtolength on input line 81.
\calc@Ccount=\count315
\calc@Cskip=\skip62
) (/Users/rickwatson/Library/TinyTeX/texmf-dist/tex/latex/etoolbox/etoolbox.sty
Package: etoolbox 2020/10/05 v2.5k e-TeX tools for LaTeX (JAW)
\etb@tempcnta=\count316
) (/Users/rickwatson/Library/TinyTeX/texmf-dist/tex/latex/mdwtools/footnote.sty
Package: footnote 1997/01/28 1.13 Save footnotes around boxes
\fn@notes=\box62
\fn@width=\dimen185
) (/Users/rickwatson/Library/TinyTeX/texmf-dist/tex/latex/graphics/graphicx.sty
Package: graphicx 2021/09/16 v1.2d Enhanced LaTeX Graphics (DPC,SPQR)
(/Users/rickwatson/Library/TinyTeX/texmf-dist/tex/latex/graphics/graphics.sty
Package: graphics 2021/03/04 v1.4d Standard LaTeX Graphics (DPC,SPQR)
(/Users/rickwatson/Library/TinyTeX/texmf-dist/tex/latex/graphics/trig.sty
Package: trig 2021/08/11 v1.11 sin cos tan (DPC)
)
(/Users/rickwatson/Library/TinyTeX/texmf-dist/tex/latex/graphics-cfg/graphics.c
fg
File: graphics.cfg 2016/06/04 v1.11 sample graphics configuration
)
Package graphics Info: Driver file: xetex.def on input line 107.
)
\Gin@req@height=\dimen186
\Gin@req@width=\dimen187
) (/Users/rickwatson/Library/TinyTeX/texmf-dist/tex/latex/natbib/natbib.sty
Package: natbib 2010/09/13 8.31b (PWD, AO)
\bibhang=\skip63
\bibsep=\skip64
LaTeX Info: Redefining \cite on input line 694.
\c@NAT@ctr=\count317
) (./DataManagement.aux)
\openout1 = `DataManagement.aux'.

LaTeX Font Info:    Checking defaults for OML/cmm/m/it on input line 120.
LaTeX Font Info:    ... okay on input line 120.
LaTeX Font Info:    Checking defaults for OMS/cmsy/m/n on input line 120.
LaTeX Font Info:    ... okay on input line 120.
LaTeX Font Info:    Checking defaults for OT1/cmr/m/n on input line 120.
LaTeX Font Info:    ... okay on input line 120.
LaTeX Font Info:    Checking defaults for T1/cmr/m/n on input line 120.
LaTeX Font Info:    ... okay on input line 120.
LaTeX Font Info:    Checking defaults for TS1/cmr/m/n on input line 120.
LaTeX Font Info:    ... okay on input line 120.
LaTeX Font Info:    Checking defaults for TU/lmr/m/n on input line 120.
LaTeX Font Info:    ... okay on input line 120.
LaTeX Font Info:    Checking defaults for OMX/cmex/m/n on input line 120.
LaTeX Font Info:    ... okay on input line 120.
LaTeX Font Info:    Checking defaults for U/cmr/m/n on input line 120.
LaTeX Font Info:    ... okay on input line 120.
LaTeX Font Info:    Checking defaults for PD1/pdf/m/n on input line 120.
LaTeX Font Info:    ... okay on input line 120.
LaTeX Font Info:    Checking defaults for PU/pdf/m/n on input line 120.
LaTeX Font Info:    ... okay on input line 120.
LaTeX Font Info:    Overwriting math alphabet `\mathrm' in version `normal'
(Font)                  OT1/lmr/m/n --> TU/lmr/m/n on input line 120.
LaTeX Font Info:    Overwriting math alphabet `\mathit' in version `normal'
(Font)                  OT1/lmr/m/it --> TU/lmr/m/it on input line 120.
LaTeX Font Info:    Overwriting math alphabet `\mathbf' in version `normal'
(Font)                  OT1/lmr/bx/n --> TU/lmr/bx/n on input line 120.
LaTeX Font Info:    Overwriting math alphabet `\mathsf' in version `normal'
(Font)                  OT1/lmss/m/n --> TU/lmss/m/n on input line 120.
LaTeX Font Info:    Overwriting math alphabet `\mathsf' in version `bold'
(Font)                  OT1/lmss/bx/n --> TU/lmss/bx/n on input line 120.
LaTeX Font Info:    Overwriting math alphabet `\mathtt' in version `normal'
(Font)                  OT1/lmtt/m/n --> TU/lmtt/m/n on input line 120.
LaTeX Font Info:    Overwriting math alphabet `\mathtt' in version `bold'
(Font)                  OT1/lmtt/m/n --> TU/lmtt/bx/n on input line 120.

Package fontspec Info: latinmodern-math scale = 0.9999964596882403.


Package fontspec Info: latinmodern-math scale = 0.9999964596882403.


Package fontspec Info: latinmodern-math scale = 0.9999964596882403.


Package fontspec Info: Font family 'latinmodern-math.otf(0)' created for font
(fontspec)             'latinmodern-math.otf' with options
(fontspec)             [Scale=MatchLowercase,BoldItalicFont={},ItalicFont={},Sm
allCapsFont={},Script=Math,BoldFont={latinmodern-math.otf}].
(fontspec)              
(fontspec)              This font family consists of the following NFSS
(fontspec)             series/shapes:
(fontspec)              
(fontspec)             - 'normal' (m/n) with NFSS spec.:
(fontspec)             <->s*[0.9999964596882403]"[latinmodern-math.otf]/OT:scri
pt=math;language=dflt;"
(fontspec)             - 'small caps'  (m/sc) with NFSS spec.: 
(fontspec)             - 'bold' (b/n) with NFSS spec.:
(fontspec)             <->s*[0.9999964596882403]"[latinmodern-math.otf]/OT:scri
pt=math;language=dflt;"
(fontspec)             - 'bold small caps'  (b/sc) with NFSS spec.: 

LaTeX Font Info:    Font shape `TU/latinmodern-math.otf(0)/m/n' will be
(Font)              scaled to size 10.0pt on input line 120.

Package fontspec Info: latinmodern-math scale = 0.9999964596882403.


Package fontspec Info: latinmodern-math scale = 0.9999964596882403.


Package fontspec Info: latinmodern-math scale = 0.9999964596882403.


Package fontspec Info: latinmodern-math scale = 0.9999964596882403.


Package fontspec Info: latinmodern-math scale = 0.9999964596882403.


Package fontspec Info: Font family 'latinmodern-math.otf(1)' created for font
(fontspec)             'latinmodern-math.otf' with options
(fontspec)             [Scale=MatchLowercase,BoldItalicFont={},ItalicFont={},Sm
allCapsFont={},Script=Math,SizeFeatures={{Size=8.5-},{Size=6-8.5,Font=latinmode
rn-math.otf,Style=MathScript},{Size=-6,Font=latinmodern-math.otf,Style=MathScri
ptScript}},BoldFont={latinmodern-math.otf}].
(fontspec)              
(fontspec)              This font family consists of the following NFSS
(fontspec)             series/shapes:
(fontspec)              
(fontspec)             - 'normal' (m/n) with NFSS spec.:
(fontspec)             <8.5->s*[0.9999964596882403]"[latinmodern-math.otf]/OT:s
cript=math;language=dflt;"<6-8.5>s*[0.9999964596882403]"[latinmodern-math.otf]/
OT:script=math;language=dflt;+ssty=0;"<-6>s*[0.9999964596882403]"[latinmodern-m
ath.otf]/OT:script=math;language=dflt;+ssty=1;"
(fontspec)             - 'small caps'  (m/sc) with NFSS spec.: 
(fontspec)             - 'bold' (b/n) with NFSS spec.:
(fontspec)             <->s*[0.9999964596882403]"[latinmodern-math.otf]/OT:scri
pt=math;language=dflt;"
(fontspec)             - 'bold small caps'  (b/sc) with NFSS spec.: 

LaTeX Font Info:    Font shape `TU/latinmodern-math.otf(1)/m/n' will be
(Font)              scaled to size 10.0pt on input line 120.
LaTeX Font Info:    Encoding `OT1' has changed to `TU' for symbol font
(Font)              `operators' in the math version `normal' on input line 120.

LaTeX Font Info:    Overwriting symbol font `operators' in version `normal'
(Font)                  OT1/lmr/m/n --> TU/latinmodern-math.otf(1)/m/n on input
 line 120.
LaTeX Font Info:    Encoding `OT1' has changed to `TU' for symbol font
(Font)              `operators' in the math version `bold' on input line 120.
LaTeX Font Info:    Overwriting symbol font `operators' in version `bold'
(Font)                  OT1/lmr/bx/n --> TU/latinmodern-math.otf(1)/b/n on inpu
t line 120.

Package fontspec Info: latinmodern-math scale = 0.9999964596882403.


Package fontspec Info: latinmodern-math scale = 1.000096459334209.


Package fontspec Info: latinmodern-math scale = 0.9999964596882403.


Package fontspec Info: latinmodern-math scale = 1.000096459334209.


Package fontspec Info: latinmodern-math scale = 0.9999964596882403.


Package fontspec Info: latinmodern-math scale = 1.000096459334209.


Package fontspec Info: latinmodern-math scale = 0.9999964596882403.


Package fontspec Info: latinmodern-math scale = 1.000096459334209.


Package fontspec Info: latinmodern-math scale = 0.9999964596882403.


Package fontspec Info: latinmodern-math scale = 1.000096459334209.


Package fontspec Info: Font family 'latinmodern-math.otf(2)' created for font
(fontspec)             'latinmodern-math.otf' with options
(fontspec)             [Scale=MatchLowercase,BoldItalicFont={},ItalicFont={},Sm
allCapsFont={},Script=Math,SizeFeatures={{Size=8.5-},{Size=6-8.5,Font=latinmode
rn-math.otf,Style=MathScript},{Size=-6,Font=latinmodern-math.otf,Style=MathScri
ptScript}},BoldFont={latinmodern-math.otf},ScaleAgain=1.0001,FontAdjustment={\f
ontdimen
(fontspec)             8\font =6.77pt\relax \fontdimen 9\font =3.94pt\relax
(fontspec)             \fontdimen 10\font =4.44pt\relax \fontdimen 11\font
(fontspec)             =6.86pt\relax \fontdimen 12\font =3.45pt\relax
(fontspec)             \fontdimen 13\font =3.63pt\relax \fontdimen 14\font
(fontspec)             =3.63pt\relax \fontdimen 15\font =2.89pt\relax
(fontspec)             \fontdimen 16\font =2.47pt\relax \fontdimen 17\font
(fontspec)             =2.47pt\relax \fontdimen 18\font =2.5pt\relax
(fontspec)             \fontdimen 19\font =2.0pt\relax \fontdimen 22\font
(fontspec)             =2.5pt\relax \fontdimen 20\font =0pt\relax \fontdimen
(fontspec)             21\font =0pt\relax }].
(fontspec)              
(fontspec)              This font family consists of the following NFSS
(fontspec)             series/shapes:
(fontspec)              
(fontspec)             - 'normal' (m/n) with NFSS spec.:
(fontspec)             <8.5->s*[1.000096459334209]"[latinmodern-math.otf]/OT:sc
ript=math;language=dflt;"<6-8.5>s*[1.000096459334209]"[latinmodern-math.otf]/OT
:script=math;language=dflt;+ssty=0;"<-6>s*[1.000096459334209]"[latinmodern-math
.otf]/OT:script=math;language=dflt;+ssty=1;"
(fontspec)             - 'small caps'  (m/sc) with NFSS spec.: 
(fontspec)             and font adjustment code:
(fontspec)             \fontdimen 8\font =6.77pt\relax \fontdimen 9\font
(fontspec)             =3.94pt\relax \fontdimen 10\font =4.44pt\relax
(fontspec)             \fontdimen 11\font =6.86pt\relax \fontdimen 12\font
(fontspec)             =3.45pt\relax \fontdimen 13\font =3.63pt\relax
(fontspec)             \fontdimen 14\font =3.63pt\relax \fontdimen 15\font
(fontspec)             =2.89pt\relax \fontdimen 16\font =2.47pt\relax
(fontspec)             \fontdimen 17\font =2.47pt\relax \fontdimen 18\font
(fontspec)             =2.5pt\relax \fontdimen 19\font =2.0pt\relax \fontdimen
(fontspec)             22\font =2.5pt\relax \fontdimen 20\font =0pt\relax
(fontspec)             \fontdimen 21\font =0pt\relax 
(fontspec)             - 'bold' (b/n) with NFSS spec.:
(fontspec)             <->s*[1.000096459334209]"[latinmodern-math.otf]/OT:scrip
t=math;language=dflt;"
(fontspec)             - 'bold small caps'  (b/sc) with NFSS spec.: 
(fontspec)             and font adjustment code:
(fontspec)             \fontdimen 8\font =6.77pt\relax \fontdimen 9\font
(fontspec)             =3.94pt\relax \fontdimen 10\font =4.44pt\relax
(fontspec)             \fontdimen 11\font =6.86pt\relax \fontdimen 12\font
(fontspec)             =3.45pt\relax \fontdimen 13\font =3.63pt\relax
(fontspec)             \fontdimen 14\font =3.63pt\relax \fontdimen 15\font
(fontspec)             =2.89pt\relax \fontdimen 16\font =2.47pt\relax
(fontspec)             \fontdimen 17\font =2.47pt\relax \fontdimen 18\font
(fontspec)             =2.5pt\relax \fontdimen 19\font =2.0pt\relax \fontdimen
(fontspec)             22\font =2.5pt\relax \fontdimen 20\font =0pt\relax
(fontspec)             \fontdimen 21\font =0pt\relax 

LaTeX Font Info:    Encoding `OMS' has changed to `TU' for symbol font
(Font)              `symbols' in the math version `normal' on input line 120.
LaTeX Font Info:    Overwriting symbol font `symbols' in version `normal'
(Font)                  OMS/lmsy/m/n --> TU/latinmodern-math.otf(2)/m/n on inpu
t line 120.
LaTeX Font Info:    Encoding `OMS' has changed to `TU' for symbol font
(Font)              `symbols' in the math version `bold' on input line 120.
LaTeX Font Info:    Overwriting symbol font `symbols' in version `bold'
(Font)                  OMS/lmsy/b/n --> TU/latinmodern-math.otf(2)/b/n on inpu
t line 120.

Package fontspec Info: latinmodern-math scale = 0.9999964596882403.


Package fontspec Info: latinmodern-math scale = 0.9998964600422715.


Package fontspec Info: latinmodern-math scale = 0.9999964596882403.


Package fontspec Info: latinmodern-math scale = 0.9998964600422715.


Package fontspec Info: latinmodern-math scale = 0.9999964596882403.


Package fontspec Info: latinmodern-math scale = 0.9998964600422715.


Package fontspec Info: latinmodern-math scale = 0.9999964596882403.


Package fontspec Info: latinmodern-math scale = 0.9998964600422715.


Package fontspec Info: latinmodern-math scale = 0.9999964596882403.


Package fontspec Info: latinmodern-math scale = 0.9998964600422715.


Package fontspec Info: Font family 'latinmodern-math.otf(3)' created for font
(fontspec)             'latinmodern-math.otf' with options
(fontspec)             [Scale=MatchLowercase,BoldItalicFont={},ItalicFont={},Sm
allCapsFont={},Script=Math,SizeFeatures={{Size=8.5-},{Size=6-8.5,Font=latinmode
rn-math.otf,Style=MathScript},{Size=-6,Font=latinmodern-math.otf,Style=MathScri
ptScript}},BoldFont={latinmodern-math.otf},ScaleAgain=0.9999,FontAdjustment={\f
ontdimen
(fontspec)             8\font =0.4pt\relax \fontdimen 9\font =2.0pt\relax
(fontspec)             \fontdimen 10\font =1.67pt\relax \fontdimen 11\font
(fontspec)             =1.11pt\relax \fontdimen 12\font =6.0pt\relax
(fontspec)             \fontdimen 13\font =0pt\relax }].
(fontspec)              
(fontspec)              This font family consists of the following NFSS
(fontspec)             series/shapes:
(fontspec)              
(fontspec)             - 'normal' (m/n) with NFSS spec.:
(fontspec)             <8.5->s*[0.9998964600422715]"[latinmodern-math.otf]/OT:s
cript=math;language=dflt;"<6-8.5>s*[0.9998964600422715]"[latinmodern-math.otf]/
OT:script=math;language=dflt;+ssty=0;"<-6>s*[0.9998964600422715]"[latinmodern-m
ath.otf]/OT:script=math;language=dflt;+ssty=1;"
(fontspec)             - 'small caps'  (m/sc) with NFSS spec.: 
(fontspec)             and font adjustment code:
(fontspec)             \fontdimen 8\font =0.4pt\relax \fontdimen 9\font
(fontspec)             =2.0pt\relax \fontdimen 10\font =1.67pt\relax
(fontspec)             \fontdimen 11\font =1.11pt\relax \fontdimen 12\font
(fontspec)             =6.0pt\relax \fontdimen 13\font =0pt\relax 
(fontspec)             - 'bold' (b/n) with NFSS spec.:
(fontspec)             <->s*[0.9998964600422715]"[latinmodern-math.otf]/OT:scri
pt=math;language=dflt;"
(fontspec)             - 'bold small caps'  (b/sc) with NFSS spec.: 
(fontspec)             and font adjustment code:
(fontspec)             \fontdimen 8\font =0.4pt\relax \fontdimen 9\font
(fontspec)             =2.0pt\relax \fontdimen 10\font =1.67pt\relax
(fontspec)             \fontdimen 11\font =1.11pt\relax \fontdimen 12\font
(fontspec)             =6.0pt\relax \fontdimen 13\font =0pt\relax 

LaTeX Font Info:    Encoding `OMX' has changed to `TU' for symbol font
(Font)              `largesymbols' in the math version `normal' on input line 1
20.
LaTeX Font Info:    Overwriting symbol font `largesymbols' in version `normal'
(Font)                  OMX/lmex/m/n --> TU/latinmodern-math.otf(3)/m/n on inpu
t line 120.
LaTeX Font Info:    Encoding `OMX' has changed to `TU' for symbol font
(Font)              `largesymbols' in the math version `bold' on input line 120
.
LaTeX Font Info:    Overwriting symbol font `largesymbols' in version `bold'
(Font)                  OMX/lmex/m/n --> TU/latinmodern-math.otf(3)/b/n on inpu
t line 120.
Package hyperref Info: Link coloring OFF on input line 120.
(/Users/rickwatson/Library/TinyTeX/texmf-dist/tex/latex/hyperref/nameref.sty
Package: nameref 2021-04-02 v2.47 Cross-referencing by name of section
(/Users/rickwatson/Library/TinyTeX/texmf-dist/tex/latex/refcount/refcount.sty
Package: refcount 2019/12/15 v3.6 Data extraction from label references (HO)
)
(/Users/rickwatson/Library/TinyTeX/texmf-dist/tex/generic/gettitlestring/gettit
lestring.sty
Package: gettitlestring 2019/12/15 v1.6 Cleanup title references (HO)
)
\c@section@level=\count318
)
LaTeX Info: Redefining \ref on input line 120.
LaTeX Info: Redefining \pageref on input line 120.
LaTeX Info: Redefining \nameref on input line 120.
(./DataManagement.out) (./DataManagement.out)
\@outlinefile=\write4
\openout4 = `DataManagement.out'.

*geometry* driver: auto-detecting
*geometry* detected driver: xetex
*geometry* verbose mode - [ preamble ] result:
* driver: xetex
* paper: <default>
* layout: <same size as paper>
* layoutoffset:(h,v)=(0.0pt,0.0pt)
* modes: 
* h-part:(L,W,R)=(72.26999pt, 469.75502pt, 72.26999pt)
* v-part:(T,H,B)=(72.26999pt, 650.43001pt, 72.26999pt)
* \paperwidth=614.295pt
* \paperheight=794.96999pt
* \textwidth=469.75502pt
* \textheight=650.43001pt
* \oddsidemargin=0.0pt
* \evensidemargin=0.0pt
* \topmargin=-37.0pt
* \headheight=12.0pt
* \headsep=25.0pt
* \topskip=10.0pt
* \footskip=30.0pt
* \marginparwidth=65.0pt
* \marginparsep=11.0pt
* \columnsep=10.0pt
* \skip\footins=9.0pt plus 4.0pt minus 2.0pt
* \hoffset=0.0pt
* \voffset=0.0pt
* \mag=1000
* \@twocolumnfalse
* \@twosidefalse
* \@mparswitchfalse
* \@reversemarginfalse
* (1in=72.27pt=25.4mm, 1cm=28.453pt)

(./DataManagement.toc
LaTeX Font Info:    Font shape `TU/latinmodern-math.otf(1)/m/n' will be
(Font)              scaled to size 7.0pt on input line 5.
LaTeX Font Info:    Font shape `TU/latinmodern-math.otf(1)/m/n' will be
(Font)              scaled to size 5.0pt on input line 5.
LaTeX Font Info:    Trying to load font information for OML+lmm on input line 5
.
(/Users/rickwatson/Library/TinyTeX/texmf-dist/tex/latex/lm/omllmm.fd
File: omllmm.fd 2015/05/01 v1.6.1 Font defs for Latin Modern
)
LaTeX Font Info:    Font shape `TU/latinmodern-math.otf(2)/m/n' will be
(Font)              scaled to size 10.00092pt on input line 5.
LaTeX Font Info:    Font shape `TU/latinmodern-math.otf(2)/m/n' will be
(Font)              scaled to size 7.00064pt on input line 5.
LaTeX Font Info:    Font shape `TU/latinmodern-math.otf(2)/m/n' will be
(Font)              scaled to size 5.00046pt on input line 5.
LaTeX Font Info:    Font shape `TU/latinmodern-math.otf(3)/m/n' will be
(Font)              scaled to size 9.99893pt on input line 5.
LaTeX Font Info:    Font shape `TU/latinmodern-math.otf(3)/m/n' will be
(Font)              scaled to size 6.99925pt on input line 5.
LaTeX Font Info:    Font shape `TU/latinmodern-math.otf(3)/m/n' will be
(Font)              scaled to size 4.99947pt on input line 5.
LaTeX Font Info:    Trying to load font information for U+msa on input line 5.
(/Users/rickwatson/Library/TinyTeX/texmf-dist/tex/latex/amsfonts/umsa.fd
File: umsa.fd 2013/01/14 v3.01 AMS symbols A
)
LaTeX Font Info:    Trying to load font information for U+msb on input line 5.
(/Users/rickwatson/Library/TinyTeX/texmf-dist/tex/latex/amsfonts/umsb.fd
File: umsb.fd 2013/01/14 v3.01 AMS symbols B
) [1

] [2] [3] [4] [5] [6] [7] [8])
\tf@toc=\write5
\openout5 = `DataManagement.toc'.

[9]
File: Figures/Front matter/CC.by.png Graphic file (type bmp)
<Figures/Front matter/CC.by.png>
[10] [11]
LaTeX Font Info:    Font shape `TU/latinmodern-math.otf(1)/m/n' will be
(Font)              scaled to size 8.0pt on input line 348.
LaTeX Font Info:    Font shape `TU/latinmodern-math.otf(1)/m/n' will be
(Font)              scaled to size 6.0pt on input line 348.
LaTeX Font Info:    Font shape `TU/latinmodern-math.otf(2)/m/n' will be
(Font)              scaled to size 8.00073pt on input line 348.
LaTeX Font Info:    Font shape `TU/latinmodern-math.otf(2)/m/n' will be
(Font)              scaled to size 6.00055pt on input line 348.
LaTeX Font Info:    Font shape `TU/latinmodern-math.otf(3)/m/n' will be
(Font)              scaled to size 7.99915pt on input line 348.
LaTeX Font Info:    Font shape `TU/latinmodern-math.otf(3)/m/n' will be
(Font)              scaled to size 5.99936pt on input line 348.
File: Figures/Section 1/Simon-Newell.png Graphic file (type bmp)
<Figures/Section 1/Simon-Newell.png>
[12]
File: Figures/Section 1/org info processing.png Graphic file (type bmp)
<Figures/Section 1/org info processing.png>
[13] [14] [15]
File: Figures/Chapter 1/calendar.png Graphic file (type bmp)
<Figures/Chapter 1/calendar.png>
File: Figures/Chapter 1/address book.png Graphic file (type bmp)
<Figures/Chapter 1/address book.png>
[16]
File: Figures/Chapter 1/todo list new.png Graphic file (type bmp)
<Figures/Chapter 1/todo list new.png>
[17]
Missing character: There is no ❓ (U+2753) in font [lmroman10-regular]:mapping=t
ex-text;!
[18]
Overfull \hbox (6.2179pt too wide) in paragraph at lines 637--637
[]|\TU/lmr/m/n/10 TPS|  
 []


Overfull \hbox (4.9679pt too wide) in paragraph at lines 638--638
[]|\TU/lmr/m/n/10 MIS|  
 []


Overfull \hbox (5.3879pt too wide) in paragraph at lines 639--639
[]|\TU/lmr/m/n/10 DSS|  
 []


Overfull \hbox (14.9679pt too wide) in paragraph at lines 641--641
[]|\TU/lmr/m/n/10 OLAP|  
 []

[19]
File: Figures/Chapter 1/IS cycle.png Graphic file (type bmp)
<Figures/Chapter 1/IS cycle.png>
[20] [21] [22]
File: Figures/Chapter 1/org memory components.jpg Graphic file (type bmp)
<Figures/Chapter 1/org memory components.jpg>
[23] [24] [25] [26] [27]
File: Figures/Chapter 1/timeline2.png Graphic file (type bmp)
<Figures/Chapter 1/timeline2.png>
[28] [29]
File: Figures/Chapter 1/data-info-know.jpg Graphic file (type bmp)
<Figures/Chapter 1/data-info-know.jpg>
[30] [31] [32]
File: Figures/Chapter 2/societal focus.png Graphic file (type bmp)
<Figures/Chapter 2/societal focus.png>
[33] [34] [35] [36] [37] [38]
File: Figures/Chapter 2/gap model.jpg Graphic file (type bmp)
<Figures/Chapter 2/gap model.jpg>
[39] [40] [41]
Missing character: There is no ❓ (U+2753) in font [lmroman10-regular]:mapping=t
ex-text;!
[42]
File: Figures/Chapter 2/hardness-volume tradeoff.png Graphic file (type bmp)
<Figures/Chapter 2/hardness-volume tradeoff.png>
[43]
File: Figures/Chapter 2/onion model.jpg Graphic file (type bmp)
<Figures/Chapter 2/onion model.jpg>
[44] [45] [46] [47]
File: Figures/Chapter 2/fragmented memory.png Graphic file (type bmp)
<Figures/Chapter 2/fragmented memory.png>
File: Figures/Chapter 2/integrated memory.png Graphic file (type bmp)
<Figures/Chapter 2/integrated memory.png>
[48] [49]
File: Figures/Chapter 2/knowledge and training.png Graphic file (type bmp)
<Figures/Chapter 2/knowledge and training.png>
[50] [51] [52]
File: Figures/Section 2/Org Memory Files.png Graphic file (type bmp)
<Figures/Section 2/Org Memory Files.png>
[53] [54]
Missing character: There is no 💠 (U+1F4A0) in font [lmroman10-regular]:mapping=
tex-text;!
[55] [56]
File: Figures/Chapter 3/share.png Graphic file (type bmp)
<Figures/Chapter 3/share.png>
File: Figures/Chapter 3/share with attributes.png Graphic file (type bmp)
<Figures/Chapter 3/share with attributes.png>
File: Figures/Chapter 3/share with identifier.png Graphic file (type bmp)
<Figures/Chapter 3/share with identifier.png>
[57]
Missing character: There is no ❓ (U+2753) in font [lmroman10-regular]:mapping=t
ex-text;!
[58]
LaTeX Font Info:    Font shape `TU/lmtt/bx/n' in size <10> not available
(Font)              Font shape `TU/lmtt/b/n' tried instead on input line 3150.

Overfull \hbox (4.08879pt too wide) in paragraph at lines 3186--3187
[]\TU/lmr/m/n/10 Category  
 []


Overfull \hbox (1.30879pt too wide) in paragraph at lines 3194--3194
[]|\TU/lmr/m/n/10 Numeric|  
 []


Overfull \hbox (9.7488pt too wide) in paragraph at lines 3201--3201
[]|\TU/lmr/m/n/10 Date/time|  
 []

[59]
File: Figures/Chapter 3/share-wb.png Graphic file (type bmp)
<Figures/Chapter 3/share-wb.png>
[60] [61]
File: Figures/Chapter 3/wb-input.png Graphic file (type bmp)
<Figures/Chapter 3/wb-input.png>
Missing character: There is no ❓ (U+2753) in font [lmroman10-regular]:mapping=t
ex-text;!
[62] [63]
Overfull \vbox (73.94185pt too high) has occurred while \output is active []

[64] [65]
Missing character: There is no ❓ (U+2753) in font [lmroman10-regular]:mapping=t
ex-text;!
[66] [67] [68]
Missing character: There is no ⚠ (U+26A0) in font [lmroman10-regular]:mapping=t
ex-text;!
Missing character: There is no ️ (U+FE0F) in font [lmroman10-regular]:mapping=t
ex-text;!
Missing character: There is no ❓ (U+2753) in font [lmroman10-regular]:mapping=t
ex-text;!
[69] [70]
Missing character: There is no ❓ (U+2753) in font [lmroman10-regular]:mapping=t
ex-text;!
[71] [72] [73]
File: Figures/Chapter 3/alien entity.png Graphic file (type bmp)
<Figures/Chapter 3/alien entity.png>
[74] [75]
File: Figures/Chapter 4/nation-stock.png Graphic file (type bmp)
<Figures/Chapter 4/nation-stock.png>
File: Figures/Chapter 4/hierarchy.png Graphic file (type bmp)
<Figures/Chapter 4/hierarchy.png>
[76] [77] [78]
Missing character: There is no ❓ (U+2753) in font [lmroman10-regular]:mapping=t
ex-text;!
File: Figures/Chapter 4/wb-stock-nation.png Graphic file (type bmp)
<Figures/Chapter 4/wb-stock-nation.png>
[79]
Overfull \hbox (72.68506pt too wide) in paragraph at lines 4782--4807
 [][] 
 []

[80] [81]
File: Figures/Chapter 4/cbr.png Graphic file (type bmp)
<Figures/Chapter 4/cbr.png>
[82] [83]
Missing character: There is no ❓ (U+2753) in font [lmroman10-regular]:mapping=t
ex-text;!
[84]

LaTeX Warning: Command \^ invalid in math mode on input line 5138.

Missing character: There is no â ("E2) in font lmmi10!
[85] [86]
Overfull \vbox (42.21086pt too high) has occurred while \output is active []

[87]
Missing character: There is no ❓ (U+2753) in font [lmroman10-regular]:mapping=t
ex-text;!
[88]
Missing character: There is no ❓ (U+2753) in font [lmroman10-regular]:mapping=t
ex-text;!
[89] [90]
File: Figures/Chapter 4/person-car.png Graphic file (type bmp)
<Figures/Chapter 4/person-car.png>
[91]
File: Figures/Chapter 5/sales form.png Graphic file (type bmp)
<Figures/Chapter 5/sales form.png>

Overfull \hbox (55.69278pt too wide) in paragraph at lines 5802--5803
[]\TU/lmr/m/it/10 A sales form [] 
 []

File: Figures/Chapter 5/sale-item.png Graphic file (type bmp)
<Figures/Chapter 5/sale-item.png>
[92]
File: Figures/Chapter 5/m-m-wb.png Graphic file (type bmp)
<Figures/Chapter 5/m-m-wb.png>
[93]
File: Figures/Chapter 5/sale-item-wb.png Graphic file (type bmp)
<Figures/Chapter 5/sale-item-wb.png>
[94] [95]
Missing character: There is no ❓ (U+2753) in font [lmroman10-regular]:mapping=t
ex-text;!
[96] [97]
Missing character: There is no ❓ (U+2753) in font [lmroman10-regular]:mapping=t
ex-text;!
[98]
File: Figures/Chapter 5/divide template.png Graphic file (type bmp)
<Figures/Chapter 5/divide template.png>
[99]
Missing character: There is no ❓ (U+2753) in font [lmroman10-regular]:mapping=t
ex-text;!
[100]
Missing character: There is no ❓ (U+2753) in font [lmroman10-regular]:mapping=t
ex-text;!
[101]
File: Figures/Chapter 5/golf.png Graphic file (type bmp)
<Figures/Chapter 5/golf.png>
[102]
File: Figures/Chapter 5/gift.png Graphic file (type bmp)
<Figures/Chapter 5/gift.png>
[103]
File: Figures/Chapter 6/org chart.png Graphic file (type bmp)
<Figures/Chapter 6/org chart.png>
[104]
File: Figures/Chapter 6/1-and-1.png Graphic file (type bmp)
<Figures/Chapter 6/1-and-1.png>
File: Figures/Chapter 6/1-1-wb.png Graphic file (type bmp)
<Figures/Chapter 6/1-1-wb.png>
File: Figures/Chapter 6/recursive-1-and-m.png Graphic file (type bmp)
<Figures/Chapter 6/recursive-1-and-m.png>
[105]
File: Figures/Chapter 6/recursive-1-and-m-wb.png Graphic file (type bmp)
<Figures/Chapter 6/recursive-1-and-m-wb.png>
[106] [107]
Missing character: There is no ❓ (U+2753) in font [lmroman10-regular]:mapping=t
ex-text;!
[108]
Overfull \hbox (59.41513pt too wide) in alignment at lines 6785--6789
 [] [] [] [] [] [] [] [] [] [] 
 []


Overfull \hbox (59.41513pt too wide) in alignment at lines 6789--6800
 [] [] [] [] [] [] [] [] [] [] 
 []

[109]
Missing character: There is no ❓ (U+2753) in font [lmroman10-regular]:mapping=t
ex-text;!
File: Figures/Chapter 1/expeditioner.png Graphic file (type bmp)
<Figures/Chapter 1/expeditioner.png>
[110]
File: Figures/Chapter 6/recursive-1-and-1.png Graphic file (type bmp)
<Figures/Chapter 6/recursive-1-and-1.png>
File: Figures/Chapter 6/recursive-1-and-1-wb.png Graphic file (type bmp)
<Figures/Chapter 6/recursive-1-and-1-wb.png>
[111]
Missing character: There is no ❓ (U+2753) in font [lmroman10-regular]:mapping=t
ex-text;!
[112]
Missing character: There is no ❓ (U+2753) in font [lmroman10-regular]:mapping=t
ex-text;!
File: Figures/Chapter 1/expeditioner.png Graphic file (type bmp)
<Figures/Chapter 1/expeditioner.png>
[113]
File: Figures/Chapter 6/recursive-m-and-m.png Graphic file (type bmp)
<Figures/Chapter 6/recursive-m-and-m.png>
File: Figures/Chapter 6/recursive-m-and-m-wb.png Graphic file (type bmp)
<Figures/Chapter 6/recursive-m-and-m-wb.png>
[114] [115]
Missing character: There is no ❓ (U+2753) in font [lmroman10-regular]:mapping=t
ex-text;!
[116]
Missing character: There is no ❓ (U+2753) in font [lmroman10-regular]:mapping=t
ex-text;!

Underfull \hbox (badness 10000) in paragraph at lines 7345--7350

 []

[117] [118] [119] [120]
File: Figures/Chapter 3/share.png Graphic file (type bmp)
<Figures/Chapter 3/share.png>
File: Figures/Chapter 3/share with attributes.png Graphic file (type bmp)
<Figures/Chapter 3/share with attributes.png>
[121]
File: Figures/Chapter 4/nation-stock.png Graphic file (type bmp)
<Figures/Chapter 4/nation-stock.png>
[122]
File: Figures/Chapter 7/relationship labeling.png Graphic file (type bmp)
<Figures/Chapter 7/relationship labeling.png>
File: Figures/Chapter 5/sale-item.png Graphic file (type bmp)
<Figures/Chapter 5/sale-item.png>
[123]
File: Figures/Chapter 4/nation-stock.png Graphic file (type bmp)
<Figures/Chapter 4/nation-stock.png>
[124]
File: Figures/Chapter 7/revised NATION-STOCK.png Graphic file (type bmp)
<Figures/Chapter 7/revised NATION-STOCK.png>
File: Figures/Chapter 7/geography.png Graphic file (type bmp)
<Figures/Chapter 7/geography.png>
[125] [126]
File: Figures/Chapter 7/geography revised.png Graphic file (type bmp)
<Figures/Chapter 7/geography revised.png>
Missing character: There is no ❓ (U+2753) in font [lmroman10-regular]:mapping=t
ex-text;!
File: Figures/Chapter 7/marriage-1.png Graphic file (type bmp)
<Figures/Chapter 7/marriage-1.png>
[127]
File: Figures/Chapter 7/marriage-2.png Graphic file (type bmp)
<Figures/Chapter 7/marriage-2.png>
[128]
File: Figures/Chapter 7/marriage-3.png Graphic file (type bmp)
<Figures/Chapter 7/marriage-3.png>
File: Figures/Chapter 7/marriage-4.png Graphic file (type bmp)
<Figures/Chapter 7/marriage-4.png>
[129]
File: Figures/Chapter 7/marriage-5.png Graphic file (type bmp)
<Figures/Chapter 7/marriage-5.png>
Missing character: There is no ❓ (U+2753) in font [lmroman10-regular]:mapping=t
ex-text;!
File: Figures/Chapter 7/library-1.png Graphic file (type bmp)
<Figures/Chapter 7/library-1.png>
[130]
File: Figures/Chapter 7/library-2.png Graphic file (type bmp)
<Figures/Chapter 7/library-2.png>
File: Figures/Chapter 7/history-1.png Graphic file (type bmp)
<Figures/Chapter 7/history-1.png>
File: Figures/Chapter 7/history-2.png Graphic file (type bmp)
<Figures/Chapter 7/history-2.png>
[131]
File: Figures/Chapter 7/history-3.png Graphic file (type bmp)
<Figures/Chapter 7/history-3.png>
File: Figures/Chapter 7/history-4.png Graphic file (type bmp)
<Figures/Chapter 7/history-4.png>
[132]
File: Figures/Chapter 7/airline.png Graphic file (type bmp)
<Figures/Chapter 7/airline.png>
File: Figures/Chapter 7/airline revised.png Graphic file (type bmp)
<Figures/Chapter 7/airline revised.png>
Missing character: There is no ❓ (U+2753) in font [lmroman10-regular]:mapping=t
ex-text;!
[133]
File: Figures/Chapter 7/planning.png Graphic file (type bmp)
<Figures/Chapter 7/planning.png>
File: Figures/Chapter 7/planning revised.png Graphic file (type bmp)
<Figures/Chapter 7/planning revised.png>
[134]
File: Figures/Chapter 7/nation-stock-modal.png Graphic file (type bmp)
<Figures/Chapter 7/nation-stock-modal.png>
File: Figures/Chapter 7/m-and-m-modality.png Graphic file (type bmp)
<Figures/Chapter 7/m-and-m-modality.png>
[135]
File: Figures/Chapter 7/1-and-1-modality.png Graphic file (type bmp)
<Figures/Chapter 7/1-and-1-modality.png>
File: Figures/Chapter 7/rec-1-and-m-modality.png Graphic file (type bmp)
<Figures/Chapter 7/rec-1-and-m-modality.png>
[136]
File: Figures/Chapter 7/rec-1-and-1-modality.png Graphic file (type bmp)
<Figures/Chapter 7/rec-1-and-1-modality.png>
File: Figures/Chapter 7/rec-m-and-m-modality.png Graphic file (type bmp)
<Figures/Chapter 7/rec-m-and-m-modality.png>
File: Figures/Chapter 4/nation-stock.png Graphic file (type bmp)
<Figures/Chapter 4/nation-stock.png>
[137]
File: Figures/Chapter 7/region-city.png Graphic file (type bmp)
<Figures/Chapter 7/region-city.png>
File: Figures/Chapter 7/history-2.png Graphic file (type bmp)
<Figures/Chapter 7/history-2.png>
[138]
File: Figures/Chapter 7/animal.png Graphic file (type bmp)
<Figures/Chapter 7/animal.png>
[139]
File: Figures/Chapter 7/generalizationanimal.png Graphic file (type bmp)
<Figures/Chapter 7/generalizationanimal.png>
File: Figures/Chapter 7/aggregate.png Graphic file (type bmp)
<Figures/Chapter 7/aggregate.png>
File: Figures/Chapter 7/sharedaggregate.png Graphic file (type bmp)
<Figures/Chapter 7/sharedaggregate.png>
[140]
File: Figures/Chapter 7/compaggregate.png Graphic file (type bmp)
<Figures/Chapter 7/compaggregate.png>
File: Figures/Chapter 7/art collection.png Graphic file (type bmp)
<Figures/Chapter 7/art collection.png>
File: Figures/Chapter 7/art collection revised.png Graphic file (type bmp)
<Figures/Chapter 7/art collection revised.png>
[141]
File: Figures/Chapter 6/recursive-1-and-1.png Graphic file (type bmp)
<Figures/Chapter 6/recursive-1-and-1.png>
[142]
File: Figures/Chapter 7/address.png Graphic file (type bmp)
<Figures/Chapter 7/address.png>
[143]
File: Figures/Chapter 7/address-multiple.png Graphic file (type bmp)
<Figures/Chapter 7/address-multiple.png>
File: Figures/Chapter 7/single instance (firm).png Graphic file (type bmp)
<Figures/Chapter 7/single instance (firm).png>
[144] [145] [146] [147] [148] [149] [150] [151] [152]
File: Figures/Reference 1/r1-person.png Graphic file (type bmp)
<Figures/Reference 1/r1-person.png>
[153]
File: Figures/Reference 1/r1-person-1-1.png Graphic file (type bmp)
<Figures/Reference 1/r1-person-1-1.png>
File: Figures/Reference 1/r1-person-1-m.png Graphic file (type bmp)
<Figures/Reference 1/r1-person-1-m.png>
[154]
File: Figures/Reference 1/r1-person-m-m.png Graphic file (type bmp)
<Figures/Reference 1/r1-person-m-m.png>
[155]
File: Figures/Reference 1/r1-dept-emp.png Graphic file (type bmp)
<Figures/Reference 1/r1-dept-emp.png>
[156]
File: Figures/Chapter 4/nation-stock.png Graphic file (type bmp)
<Figures/Chapter 4/nation-stock.png>
File: Figures/Reference 1/r1-book-copy-borrow.png Graphic file (type bmp)
<Figures/Reference 1/r1-book-copy-borrow.png>
[157]
File: Figures/Chapter 7/region-city.png Graphic file (type bmp)
<Figures/Chapter 7/region-city.png>
[158]
File: Figures/Reference 1/r1-city-store-firm.png Graphic file (type bmp)
<Figures/Reference 1/r1-city-store-firm.png>
[159]
File: Figures/Reference 1/r1-tree.png Graphic file (type bmp)
<Figures/Reference 1/r1-tree.png>
[160]
File: Figures/Reference 1/r1-flextree.png Graphic file (type bmp)
<Figures/Reference 1/r1-flextree.png>
File: Figures/Chapter 7/revised NATION-STOCK.png Graphic file (type bmp)
<Figures/Chapter 7/revised NATION-STOCK.png>
File: Figures/Chapter 7/geography revised.png Graphic file (type bmp)
<Figures/Chapter 7/geography revised.png>
[161]
File: Figures/Chapter 7/marriage-5.png Graphic file (type bmp)
<Figures/Chapter 7/marriage-5.png>
File: Figures/Chapter 7/airline revised.png Graphic file (type bmp)
<Figures/Chapter 7/airline revised.png>
[162] [163] [164] [165]
File: Figures/Chapter 8/2NF.png Graphic file (type bmp)
<Figures/Chapter 8/2NF.png>
[166]
File: Figures/Chapter 4/nation-stock.png Graphic file (type bmp)
<Figures/Chapter 4/nation-stock.png>
Missing character: There is no ❓ (U+2753) in font [lmroman10-regular]:mapping=t
ex-text;!
[167]
File: Figures/Chapter 8/BCNF.png Graphic file (type bmp)
<Figures/Chapter 8/BCNF.png>
[168]
File: Figures/Chapter 8/4NF.png Graphic file (type bmp)
<Figures/Chapter 8/4NF.png>
[169]
File: Figures/Chapter 8/5NF-1.png Graphic file (type bmp)
<Figures/Chapter 8/5NF-1.png>
File: Figures/Chapter 8/5NF-2.png Graphic file (type bmp)
<Figures/Chapter 8/5NF-2.png>
[170] [171] [172]
File: Figures/Chapter 8/E-R.png Graphic file (type bmp)
<Figures/Chapter 8/E-R.png>
[173]
Missing character: There is no ❓ (U+2753) in font [lmroman10-regular]:mapping=t
ex-text;!
[174] [175] [176] [177] [178] [179]
File: Figures/Chapter 9/query-by-example.png Graphic file (type bmp)
<Figures/Chapter 9/query-by-example.png>
[180]
File: Figures/Chapter 9/shadowed-rows.png Graphic file (type bmp)
<Figures/Chapter 9/shadowed-rows.png>
[181]
File: Figures/Chapter 9/shadowed-columns.png Graphic file (type bmp)
<Figures/Chapter 9/shadowed-columns.png>
[182] [183] [184] [185] [186]
Missing character: There is no ❓ (U+2753) in font [lmroman10-regular]:mapping=t
ex-text;!
[187] [188] [189]
File: Figures/Chapter 5/gift.png Graphic file (type bmp)
<Figures/Chapter 5/gift.png>
[190] [191]
File: Figures/Chapter 11/index.png Graphic file (type bmp)
<Figures/Chapter 11/index.png>
[192] [193] [194] [195]
File: Figures/Chapter 10/data types.png Graphic file (type bmp)
<Figures/Chapter 10/data types.png>
[196] [197]
Missing character: There is no ❓ (U+2753) in font [lmroman10-regular]:mapping=t
ex-text;!
[198]
Missing character: There is no ȃ (U+0203) in font [lmroman10-regular]:mapping=t
ex-text;!
[199] [200] [201] [202] [203]
File: Figures/Chapter 10/select structure.png Graphic file (type bmp)
<Figures/Chapter 10/select structure.png>
[204]
Overfull \hbox (62.08511pt too wide) in alignment at lines 13265--13269
 [] [] [] [] [] [] [] [] [] [] 
 []


Overfull \hbox (62.08511pt too wide) in alignment at lines 13269--13335
 [] [] [] [] [] [] [] [] [] [] 
 []

[205] [206] [207] [208] [209] [210] [211] [212] [213]
Missing character: There is no ❓ (U+2753) in font [lmroman10-regular]:mapping=t
ex-text;!
File: Figures/Chapter 10/accounting.png Graphic file (type bmp)
<Figures/Chapter 10/accounting.png>
[214]
Missing character: There is no ❓ (U+2753) in font [lmroman10-regular]:mapping=t
ex-text;!
[215]
Missing character: There is no ❓ (U+2753) in font [lmroman10-regular]:mapping=t
ex-text;!
[216] [217] [218] [219] [220] [221] [222] [223] [224] [225]
File: Figures/Chapter 14/political unit.png Graphic file (type bmp)
<Figures/Chapter 14/political unit.png>
[226] [227]
File: Figures/Chapter 13/Ireland grid.png Graphic file (type bmp)
<Figures/Chapter 13/Ireland grid.png>
[228] [229]
File: Figures/Chapter 11/boundary.png Graphic file (type bmp)
<Figures/Chapter 11/boundary.png>
Missing character: There is no ❓ (U+2753) in font [lmroman10-regular]:mapping=t
ex-text;!
[230] [231]
Missing character: There is no ❓ (U+2753) in font [lmroman10-regular]:mapping=t
ex-text;!
[232]
Missing character: There is no ❓ (U+2753) in font [lmroman10-regular]:mapping=t
ex-text;!

Overfull \hbox (1227.32895pt too wide) in paragraph at lines 15411--15414
[]\TU/lmr/m/n/10 The address bar (URL) will change. Copy the full link. For exa
mple: []$[]$[]. 
 []

Missing character: There is no ≥ (U+2265) in font [lmroman10-regular]:mapping=t
ex-text;!
File: Figures/Chapter 11/r-tree.png Graphic file (type bmp)
<Figures/Chapter 11/r-tree.png>
[233]
File: Figures/Chapter 11/searching-r-tree.png Graphic file (type bmp)
<Figures/Chapter 11/searching-r-tree.png>
[234] [235]
File: Figures/Chapter 13/temporal data.png Graphic file (type bmp)
<Figures/Chapter 13/temporal data.png>
[236]
File: Figures/Chapter 7/planning revised.png Graphic file (type bmp)
<Figures/Chapter 7/planning revised.png>
[237]
File: Figures/Chapter 13/nation-stock temporal.png Graphic file (type bmp)
<Figures/Chapter 13/nation-stock temporal.png>
[238]
File: Figures/Chapter 13/Iberia-grid.png Graphic file (type bmp)
<Figures/Chapter 13/Iberia-grid.png>
[239] [240] [241]
File: Figures/Chapter 12/graph-portfolio.png Graphic file (type bmp)
<Figures/Chapter 12/graph-portfolio.png>
[242]
Overfull \hbox (149.74498pt too wide) in paragraph at lines 15989--15989
[]    \TU/lmtt/m/n/10 Price: toFloat(row.stkprice), Qty: toInteger(row.stkqty),
 Div: toFloat(row.stkdiv),     PE: toInteger(row.stkpe)})[] 
 []

File: Figures/Chapter 12/unrelated-nodes.png Graphic file (type bmp)
<Figures/Chapter 12/unrelated-nodes.png>
[243] [244]
Missing character: There is no ❓ (U+2753) in font [lmroman10-regular]:mapping=t
ex-text;!
[245] [246]
File: Figures/Chapter 12/graph-nation-stock.png Graphic file (type bmp)
<Figures/Chapter 12/graph-nation-stock.png>

Overfull \hbox (39.49498pt too wide) in paragraph at lines 16252--16252
[]\TU/lmtt/m/n/10 CREATE (n:Nation {NationCode: row.natcode, Nation: row.natnam
e, ExchRate: toFloat(row.exchrate)})[] 
 []

[247] [248]
Missing character: There is no ❓ (U+2753) in font [lmroman10-regular]:mapping=t
ex-text;!
File: Figures/Chapter 12/graph-sales.png Graphic file (type bmp)
<Figures/Chapter 12/graph-sales.png>
[249]
Overfull \hbox (165.49498pt too wide) in paragraph at lines 16400--16400
[]\TU/lmtt/m/n/10 CREATE (i:Item {ItemNo: toInteger(row.itemno), ItemName: row.
itemname, ItemType: row.itemtype, ItemColor: row.itemcolor})[] 
 []


Overfull \hbox (60.49498pt too wide) in paragraph at lines 16400--16400
[]\TU/lmtt/m/n/10 CREATE (s:Sale {SaleNo: toInteger(row.saleno), SaleDate: date
(row.saledate), SaleText: row.saletext})[] 
 []

File: Figures/Chapter 12/view-sales-items.png Graphic file (type bmp)
<Figures/Chapter 12/view-sales-items.png>
[250] [251]
Missing character: There is no ❓ (U+2753) in font [lmroman10-regular]:mapping=t
ex-text;!
File: Figures/Chapter 12/graph-monarch.png Graphic file (type bmp)
<Figures/Chapter 12/graph-monarch.png>
[252]
File: Figures/Chapter 12/monarch-succession.png Graphic file (type bmp)
<Figures/Chapter 12/monarch-succession.png>
[253] [254] [255] [256]
File: Figures/Chapter 12/graph-NorthWinds.png Graphic file (type bmp)
<Figures/Chapter 12/graph-NorthWinds.png>
[257] [258] [259] [260] [261] [262] [263]
File: Figures/Chapter 18/CD.png Graphic file (type bmp)
<Figures/Chapter 18/CD.png>
[264]
Underfull \hbox (badness 1354) in paragraph at lines 17331--17336
[]\TU/lmr/m/n/10 All XML documents begin with an XML declaration {1}.[][][] The
 encoding attribute (i.e.,
 []

File: Figures/Chapter 18/xmlvisual.png Graphic file (type bmp)
<Figures/Chapter 18/xmlvisual.png>
[265] [266]
Missing character: There is no ❓ (U+2753) in font [lmroman10-regular]:mapping=t
ex-text;!
[267]
File: Figures/Chapter 13/cd-library-stylesheets.png Graphic file (type bmp)
<Figures/Chapter 13/cd-library-stylesheets.png>
[268] [269]
Missing character: There is no ❓ (U+2753) in font [lmroman10-regular]:mapping=t
ex-text;!
[270] [271]
Overfull \hbox (17.24498pt too wide) in paragraph at lines 17823--17823
 []\TU/lmtt/m/n/10 doc("http://www.richardtwatson.com/xml/cdlib.xml")/cdlibrary
/cd[cdlabel='Verve']/cdtitle[] 
 []

[272] [273] [274] [275] [276]
File: Figures/Chapter 15/data warehouse.png Graphic file (type bmp)
<Figures/Chapter 15/data warehouse.png>
[277] [278] [279]
Overfull \hbox (244.15504pt too wide) in alignment at lines 18512--18516
 [] [] 
 []


Overfull \hbox (244.15504pt too wide) in alignment at lines 18516--18520
 [] [] 
 []

[280] [281]
File: Figures/Chapter 15/star structure.png Graphic file (type bmp)
<Figures/Chapter 15/star structure.png>
File: Figures/Chapter 15/snowflake.png Graphic file (type bmp)
<Figures/Chapter 15/snowflake.png>
[282] [283]
File: Figures/Chapter 15/hypercube.png Graphic file (type bmp)
<Figures/Chapter 15/hypercube.png>
[284]
File: Figures/Chapter 15/RDBMS-MDDB.png Graphic file (type bmp)
<Figures/Chapter 15/RDBMS-MDDB.png>
[285] [286]
Missing character: There is no ❓ (U+2753) in font [lmroman10-regular]:mapping=t
ex-text;!
[287] [288]
File: Figures/Chapter 14/decision-tree.png Graphic file (type bmp)
<Figures/Chapter 14/decision-tree.png>
[289]
Missing character: There is no ❓ (U+2753) in font [lmroman10-regular]:mapping=t
ex-text;!
[290] [291]
Missing character: There is no ❓ (U+2753) in font [lmroman10-regular]:mapping=t
ex-text;!
[292] [293] [294] [295]
File: Figures/Section 2/RStudio.png Graphic file (type bmp)
<Figures/Section 2/RStudio.png>
[296]
File: DataManagement_files/figure-latex/sample-script-1.pdf Graphic file (type 
pdf)
<use DataManagement_files/figure-latex/sample-script-1.pdf>

Overfull \hbox (28.18416pt too wide) in paragraph at lines 19797--19826
[]|[]|  
 []

[297]
Missing character: There is no ❓ (U+2753) in font [lmroman10-regular]:mapping=t
ex-text;!
[298]
Missing character: There is no ❓ (U+2753) in font [lmroman10-regular]:mapping=t
ex-text;!
[299] [300] [301]
Missing character: There is no ❓ (U+2753) in font [lmroman10-regular]:mapping=t
ex-text;!
[302] [303] [304]
File: Figures/Chapter 15/gather-spread.png Graphic file (type bmp)
<Figures/Chapter 15/gather-spread.png>

Overfull \hbox (136.50261pt too wide) in paragraph at lines 20457--20458
[]\TU/lmr/m/it/10 Reshaping data with gathering and spreading[] 
 []

[305] [306] [307] [308] [309]
Missing character: There is no ❓ (U+2753) in font [lmroman10-regular]:mapping=t
ex-text;!
[310]
Missing character: There is no ❓ (U+2753) in font [lmroman10-regular]:mapping=t
ex-text;!
[311]
Overfull \hbox (354.49498pt too wide) in paragraph at lines 20955--20955
[]\TU/lmtt/m/n/10 ## Warning in doTryCatch(return(expr), name, parentenv, handl
er): unable to load shared object '/Library/Frameworks/R.framework/Resources/mo
dules//R_X11.so':[] 
 []


Overfull \hbox (202.24498pt too wide) in paragraph at lines 20955--20955
[]\TU/lmtt/m/n/10 ##   dlopen(/Library/Frameworks/R.framework/Resources/modules
//R_X11.so, 0x0006): Library not loaded: /opt/X11/lib/libSM.6.dylib[] 
 []


Overfull \hbox (49.99498pt too wide) in paragraph at lines 20955--20955
[]\TU/lmtt/m/n/10 ##   Referenced from: /Library/Frameworks/R.framework/Version
s/4.1-arm64/Resources/modules/R_X11.so[] 
 []


Overfull \hbox (805.99498pt too wide) in paragraph at lines 20955--20955
[]\TU/lmtt/m/n/10 ##   Reason: tried: '/opt/X11/lib/libSM.6.dylib' (no such fil
e), '/Library/Frameworks/R.framework/Resources/lib/libSM.6.dylib' (no such file
), '/Library/Java/JavaVirtualMachines/jdk-17.jdk/Contents/Home/lib/server/libSM
.6.dylib' (no such file)[] 
 []

[312] [313] [314] [315] [316] [317]
Underfull \hbox (badness 2103) in paragraph at lines 21428--21432
[]\TU/lmr/m/n/10 Use the ‘Import Dataset’ feature of RStudio to read []$[][][][
] [] [] [] [][][] [] [][][][][][][][][][][][][][] [] [][][] [] [][][][] []
 []

[318]
Overfull \hbox (115.59387pt too wide) in paragraph at lines 21476--21478
[]\TU/lmr/m/n/10 Get the list of failed US banks from []$[]$[]. 
 []


Overfull \hbox (225.21498pt too wide) in paragraph at lines 21491--21497
[]\TU/lmr/m/n/10 Use Table01 of U.S. broccoli data on farms and area harvested 
from []$[]$[].
 []

[319]
File: Figures/Chapter 16/Charles-Joseph-Minard.png Graphic file (type bmp)
<Figures/Chapter 16/Charles-Joseph-Minard.png>
[320] [321] [322]
File: DataManagement_files/figure-latex/element-1.pdf Graphic file (type pdf)
<use DataManagement_files/figure-latex/element-1.pdf>
File: DataManagement_files/figure-latex/element-2.pdf Graphic file (type pdf)
<use DataManagement_files/figure-latex/element-2.pdf>
[323] [324]
File: DataManagement_files/figure-latex/zero-1.pdf Graphic file (type pdf)
<use DataManagement_files/figure-latex/zero-1.pdf>
File: DataManagement_files/figure-latex/transform-2-1.pdf Graphic file (type pd
f)
<use DataManagement_files/figure-latex/transform-2-1.pdf>
[325]
File: Figures/Chapter 16/guides.png Graphic file (type bmp)
<Figures/Chapter 16/guides.png>
[326]
Missing character: There is no ❓ (U+2753) in font [lmroman10-regular]:mapping=t
ex-text;!
[327]
File: DataManagement_files/figure-latex/histogram-1.pdf Graphic file (type pdf)

<use DataManagement_files/figure-latex/histogram-1.pdf>
[328]
File: DataManagement_files/figure-latex/bargraph-1.pdf Graphic file (type pdf)
<use DataManagement_files/figure-latex/bargraph-1.pdf>
File: DataManagement_files/figure-latex/columngraph-1.pdf Graphic file (type pd
f)
<use DataManagement_files/figure-latex/columngraph-1.pdf>
[329]
File: DataManagement_files/figure-latex/barchart-1.pdf Graphic file (type pdf)
<use DataManagement_files/figure-latex/barchart-1.pdf>
[330]
Missing character: There is no ❓ (U+2753) in font [lmroman10-regular]:mapping=t
ex-text;!
[331]
File: DataManagement_files/figure-latex/scatterplot-1-1.pdf Graphic file (type 
pdf)
<use DataManagement_files/figure-latex/scatterplot-1-1.pdf>
[332]
File: DataManagement_files/figure-latex/scatterplot-2-1.pdf Graphic file (type 
pdf)
<use DataManagement_files/figure-latex/scatterplot-2-1.pdf>
[333]
File: DataManagement_files/figure-latex/scatterplot-3-1.pdf Graphic file (type 
pdf)
<use DataManagement_files/figure-latex/scatterplot-3-1.pdf>
[334]
File: DataManagement_files/figure-latex/smoothing-1.pdf Graphic file (type pdf)

<use DataManagement_files/figure-latex/smoothing-1.pdf>
Missing character: There is no ❓ (U+2753) in font [lmroman10-regular]:mapping=t
ex-text;!
[335]
File: DataManagement_files/figure-latex/boxplot-1.pdf Graphic file (type pdf)
<use DataManagement_files/figure-latex/boxplot-1.pdf>

Overfull \hbox (55.24498pt too wide) in paragraph at lines 22268--22268
[]\TU/lmtt/m/n/10 ## `summarise()` has grouped output by 'productLine'. You can
 override using the `.groups` argument.[] 
 []

[336]
File: DataManagement_files/figure-latex/heatmap-1.pdf Graphic file (type pdf)
<use DataManagement_files/figure-latex/heatmap-1.pdf>
[337]
Missing character: There is no ❓ (U+2753) in font [lmroman10-regular]:mapping=t
ex-text;!
[338]
Overfull \hbox (34.61499pt too wide) in paragraph at lines 22481--22487
[]\TU/lmr/m/n/10 Use the ‘Import Dataset’ feature of RStudio to read []$[]$[],
 []

[339] [340] [341] [342] [343]
Missing character: There is no ❓ (U+2753) in font [lmroman10-regular]:mapping=t
ex-text;!
[344] [345] [346]
Missing character: There is no ❓ (U+2753) in font [lmroman10-regular]:mapping=t
ex-text;!
[347] [348] [349]
File: DataManagement_files/figure-latex/density-plot-1.pdf Graphic file (type p
df)
<use DataManagement_files/figure-latex/density-plot-1.pdf>
[350]
File: DataManagement_files/figure-latex/cloud-1.pdf Graphic file (type pdf)
<use DataManagement_files/figure-latex/cloud-1.pdf>
Missing character: There is no ❓ (U+2753) in font [lmroman10-regular]:mapping=t
ex-text;!
[351] [352]
File: DataManagement_files/figure-latex/cluster-1.pdf Graphic file (type pdf)
<use DataManagement_files/figure-latex/cluster-1.pdf>
[353]
File: Figures/Chapter 17/idf.png Graphic file (type bmp)
<Figures/Chapter 17/idf.png>
[354]
File: DataManagement_files/figure-latex/topic-1-1.pdf Graphic file (type pdf)
<use DataManagement_files/figure-latex/topic-1-1.pdf>
Missing character: There is no ω (U+03C9) in font [lmroman10-regular]:mapping=t
ex-text;!
File: Figures/Chapter 17/tf-idf.png Graphic file (type bmp)
<Figures/Chapter 17/tf-idf.png>
[355] [356]
Missing character: There is no ❓ (U+2753) in font [lmroman10-regular]:mapping=t
ex-text;!
File: Figures/Chapter 17/name-entity-recognition.png Graphic file (type bmp)
<Figures/Chapter 17/name-entity-recognition.png>
[357] [358] [359] [360] [361]
File: Figures/Chapter 18/bottleneck.png Graphic file (type bmp)
<Figures/Chapter 18/bottleneck.png>
[362]
File: Figures/Chapter 18/merge-speed-serving.png Graphic file (type bmp)
<Figures/Chapter 18/merge-speed-serving.png>
[363]
File: Figures/Chapter 18/batch-and-speed.png Graphic file (type bmp)
<Figures/Chapter 18/batch-and-speed.png>
File: Figures/Chapter 18/lambda.png Graphic file (type bmp)
<Figures/Chapter 18/lambda.png>
[364] [365]
File: Figures/Chapter 18/splitting-cluster.png Graphic file (type bmp)
<Figures/Chapter 18/splitting-cluster.png>
[366] [367] [368]
Missing character: There is no ❓ (U+2753) in font [lmroman10-regular]:mapping=t
ex-text;!
Missing character: There is no ❓ (U+2753) in font [lmroman10-regular]:mapping=t
ex-text;!
[369] [370]
Underfull \hbox (badness 10000) in paragraph at lines 24628--24628
[][][][]$[][][][] [] [] [] [][][][][][][][] [] [][][][][][][] [] [][][] [] [][]
[][] [] [][][] [] [][] [] [][][][] [] [][] [][] [][][][][][] [][] [][][][][][][
] [][] [][][][][][][][][] [][] [][][] [][] [][][][][] [][] [][][][] [][] [][][]
[][][][][][][] [][] [][][] [][] [][][][][][][] [][] [][] [][]
 []

[371]
File: Figures/Chapter 19/climate-dashboard.png Graphic file (type bmp)
<Figures/Chapter 19/climate-dashboard.png>
[372]
File: Figures/Chapter 19/dashboard-1.png Graphic file (type bmp)
<Figures/Chapter 19/dashboard-1.png>
[373]
Overfull \hbox (305.35703pt too wide) in paragraph at lines 24840--24840
[][][]$[]$| 
 []

File: Figures/Chapter 19/dashboard-2.png Graphic file (type bmp)
<Figures/Chapter 19/dashboard-2.png>
[374]
File: Figures/Chapter 19/dashboard-3.png Graphic file (type bmp)
<Figures/Chapter 19/dashboard-3.png>
Missing character: There is no ❓ (U+2753) in font [lmroman10-regular]:mapping=t
ex-text;!
[375]
File: Figures/Chapter 19/dashboard-4.png Graphic file (type bmp)
<Figures/Chapter 19/dashboard-4.png>
[376]
File: Figures/Chapter 19/dashboard-5.png Graphic file (type bmp)
<Figures/Chapter 19/dashboard-5.png>
[377]
File: Figures/Chapter 19/dashboard-6.png Graphic file (type bmp)
<Figures/Chapter 19/dashboard-6.png>

Overfull \hbox (3.465pt too wide) in paragraph at lines 25026--25029
[]\TU/lmr/m/n/10 The server executes \TU/lmtt/m/n/10 output$apple <- renderDygr
aph({dygraph(Cl(get(getSymbols([]AAPL[]))))})
 []


Overfull \hbox (549.53302pt too wide) in paragraph at lines 25035--25035
[][][]$[]$| 
 []

[378]
File: Figures/Chapter 19/dashboard-7.png Graphic file (type bmp)
<Figures/Chapter 19/dashboard-7.png>
[379]
File: Figures/Chapter 19/dashboard-8.png Graphic file (type bmp)
<Figures/Chapter 19/dashboard-8.png>
[380]
Missing character: There is no ❓ (U+2753) in font [lmroman10-regular]:mapping=t
ex-text;!
[381] [382] [383]
File: Figures/Chapter 20/database-access-layers.png Graphic file (type bmp)
<Figures/Chapter 20/database-access-layers.png>
[384]
File: Figures/Chapter 20/disk-manager.png Graphic file (type bmp)
<Figures/Chapter 20/disk-manager.png>
File: Figures/Chapter 20/file-manager.png Graphic file (type bmp)
<Figures/Chapter 20/file-manager.png>
[385]
File: Figures/Chapter 4/nation-stock.png Graphic file (type bmp)
<Figures/Chapter 4/nation-stock.png>
[386]
File: Figures/Chapter 20/index.png Graphic file (type bmp)
<Figures/Chapter 20/index.png>
[387] [388]
File: Figures/Chapter 20/multiple indexes.png Graphic file (type bmp)
<Figures/Chapter 20/multiple indexes.png>
[389]
File: Figures/Chapter 20/sparse index.png Graphic file (type bmp)
<Figures/Chapter 20/sparse index.png>
File: Figures/Chapter 20/b-tree.png Graphic file (type bmp)
<Figures/Chapter 20/b-tree.png>
[390] [391]
File: Figures/Chapter 20/hashing.png Graphic file (type bmp)
<Figures/Chapter 20/hashing.png>
File: Figures/Chapter 20/linked.png Graphic file (type bmp)
<Figures/Chapter 20/linked.png>
[392] [393] [394] [395] [396]
File: Figures/Chapter 20/mirroring.png Graphic file (type bmp)
<Figures/Chapter 20/mirroring.png>
[397]
File: Figures/Chapter 20/striping.png Graphic file (type bmp)
<Figures/Chapter 20/striping.png>
[398]
File: Figures/Chapter 20/raid-5.png Graphic file (type bmp)
<Figures/Chapter 20/raid-5.png>
[399] [400] [401]
File: Figures/Chapter 20/storage life.png Graphic file (type bmp)
<Figures/Chapter 20/storage life.png>
Missing character: There is no ❓ (U+2753) in font [lmroman10-regular]:mapping=t
ex-text;!
[402] [403] [404] [405] [406]
File: Figures/Chapter 21/basic-architectures.png Graphic file (type bmp)
<Figures/Chapter 21/basic-architectures.png>
[407]
File: Figures/Chapter 21/three-tier-computing.png Graphic file (type bmp)
<Figures/Chapter 21/three-tier-computing.png>
[408]
Missing character: There is no ❓ (U+2753) in font [lmroman10-regular]:mapping=t
ex-text;!
[409] [410] [411] [412]
Missing character: There is no ✔ (U+2714) in font [lmroman10-regular]:mapping=t
ex-text;!
Missing character: There is no ✔ (U+2714) in font [lmroman10-regular]:mapping=t
ex-text;!
Missing character: There is no ✔ (U+2714) in font [lmroman10-regular]:mapping=t
ex-text;!
Missing character: There is no ✔ (U+2714) in font [lmroman10-regular]:mapping=t
ex-text;!
Missing character: There is no ✔ (U+2714) in font [lmroman10-regular]:mapping=t
ex-text;!
Missing character: There is no ✔ (U+2714) in font [lmroman10-regular]:mapping=t
ex-text;!
Missing character: There is no ✔ (U+2714) in font [lmroman10-regular]:mapping=t
ex-text;!
Missing character: There is no ✔ (U+2714) in font [lmroman10-regular]:mapping=t
ex-text;!
Missing character: There is no ✔ (U+2714) in font [lmroman10-regular]:mapping=t
ex-text;!
Missing character: There is no ✔ (U+2714) in font [lmroman10-regular]:mapping=t
ex-text;!
Missing character: There is no ✔ (U+2714) in font [lmroman10-regular]:mapping=t
ex-text;!
Missing character: There is no ✔ (U+2714) in font [lmroman10-regular]:mapping=t
ex-text;!
Missing character: There is no ✔ (U+2714) in font [lmroman10-regular]:mapping=t
ex-text;!
Missing character: There is no ✔ (U+2714) in font [lmroman10-regular]:mapping=t
ex-text;!
Missing character: There is no ✔ (U+2714) in font [lmroman10-regular]:mapping=t
ex-text;!
[413] [414] [415] [416] [417] [418]
File: Figures/Chapter 21/frag-horizontal.png Graphic file (type bmp)
<Figures/Chapter 21/frag-horizontal.png>
[419]
File: Figures/Chapter 21/frag-vertical.png Graphic file (type bmp)
<Figures/Chapter 21/frag-vertical.png>
[420]
Missing character: There is no ❓ (U+2753) in font [lmroman10-regular]:mapping=t
ex-text;!
[421] [422] [423] [424] [425]
Missing character: There is no ❓ (U+2753) in font [lmroman10-regular]:mapping=t
ex-text;!
File: Figures/Chapter 22/ArtCollection.png Graphic file (type bmp)
<Figures/Chapter 22/ArtCollection.png>
[426] [427] [428]
Missing character: There is no ❓ (U+2753) in font [lmroman10-regular]:mapping=t
ex-text;!
File: Figures/Chapter 22/map-collection.png Graphic file (type bmp)
<Figures/Chapter 22/map-collection.png>
[429]
File: Figures/Chapter 22/data-entry.png Graphic file (type bmp)
<Figures/Chapter 22/data-entry.png>
[430] [431] [432]
Underfull \vbox (badness 10000) detected at line 29088
 []


Underfull \vbox (badness 10000) detected at line 29088
 []

[433] [434]
File: Figures/Chapter 22/person-car.png Graphic file (type bmp)
<Figures/Chapter 22/person-car.png>
File: Figures/Chapter 23/goals.png Graphic file (type bmp)
<Figures/Chapter 23/goals.png>
[435] [436] [437] [438] [439]
File: Figures/Chapter 23/deadlock.png Graphic file (type bmp)
<Figures/Chapter 23/deadlock.png>
[440]
Overfull \hbox (12.17668pt too wide) in paragraph at lines 29683--29683
\TU/lmr/m/n/10 move/upgrade|  
 []

[441] [442]
File: Figures/Chapter 23/state-changes.png Graphic file (type bmp)
<Figures/Chapter 23/state-changes.png>
File: Figures/Chapter 23/procedures.png Graphic file (type bmp)
<Figures/Chapter 23/procedures.png>
[443] [444] [445] [446]
Missing character: There is no ❓ (U+2753) in font [lmroman10-regular]:mapping=t
ex-text;!
File: Figures/Chapter 23/data-quality-strategies.png Graphic file (type bmp)
<Figures/Chapter 23/data-quality-strategies.png>
[447] [448]
Missing character: There is no ❓ (U+2753) in font [lmroman10-regular]:mapping=t
ex-text;!
[449]
Missing character: There is no ❓ (U+2753) in font [lmroman10-regular]:mapping=t
ex-text;!
[450] [451] [452]
File: Figures/Chapter 23/data-security-model.png Graphic file (type bmp)
<Figures/Chapter 23/data-security-model.png>
[453] [454]
File: Figures/Chapter 23/public-key.png Graphic file (type bmp)
<Figures/Chapter 23/public-key.png>
[455]
Missing character: There is no ❓ (U+2753) in font [lmroman10-regular]:mapping=t
ex-text;!
[456] [457] [458] [459] [460] [461]
File: Figures/Chapter 24/cdo.png Graphic file (type bmp)
<Figures/Chapter 24/cdo.png>
[462]
File: Figures/Chapter 24/cdo-archetypes.png Graphic file (type bmp)
<Figures/Chapter 24/cdo-archetypes.png>

Overfull \hbox (8.12877pt too wide) in paragraph at lines 31325--31326
[]\TU/lmr/m/n/10 Archetype  
 []


Overfull \hbox (16.50877pt too wide) in paragraph at lines 31331--31331
[]|\TU/lmr/m/n/10 Coordinator|  
 []


Overfull \hbox (2.18877pt too wide) in paragraph at lines 31332--31332
[]|\TU/lmr/m/n/10 Reporter|  
 []


Overfull \hbox (3.95877pt too wide) in paragraph at lines 31333--31333
[]|\TU/lmr/m/n/10 Architect|  
 []


Overfull \hbox (16.84877pt too wide) in paragraph at lines 31334--31334
[]|\TU/lmr/m/n/10 Ambassador|  
 []


Overfull \hbox (3.15877pt too wide) in paragraph at lines 31336--31336
[]|\TU/lmr/m/n/10 Marketer|  
 []


Overfull \hbox (6.87877pt too wide) in paragraph at lines 31337--31337
[]|\TU/lmr/m/n/10 Developer|  
 []


Overfull \hbox (22.74876pt too wide) in paragraph at lines 31338--31338
[]|\TU/lmr/m/n/10 Experimenter|  
 []

[463]
File: Figures/Chapter 24/database-environment.png Graphic file (type bmp)
<Figures/Chapter 24/database-environment.png>
[464] [465] [466] [467] [468]
Missing character: There is no ❓ (U+2753) in font [lmroman10-regular]:mapping=t
ex-text;!
[469] [470] [471]
File: Figures/Chapter 24/DDLC.png Graphic file (type bmp)
<Figures/Chapter 24/DDLC.png>
[472] [473]
File: Figures/Chapter 24/data-interfaces.png Graphic file (type bmp)
<Figures/Chapter 24/data-interfaces.png>
[474] [475]
Overfull \hbox (8.19054pt too wide) in alignment at lines 32272--32293
 [] [] [] [] [] [] 
 []


Overfull \hbox (8.19054pt too wide) in alignment at lines 32293--32390
 [] [] [] [] [] [] 
 []

[476] [477] [478] [479]
Missing character: There is no ❓ (U+2753) in font [lmroman10-regular]:mapping=t
ex-text;!
[480]
Missing character: There is no ❓ (U+2753) in font [lmroman10-regular]:mapping=t
ex-text;!
[481] [482] [483] (./DataManagement.aux)
Package rerunfilecheck Info: File `DataManagement.out' has not changed.
(rerunfilecheck)             Checksum: 9A629DE7F2799DDD27791E82A30876A6;48768.
 ) 
Here is how much of TeX's memory you used:
 20684 strings out of 478256
 410100 string characters out of 5854874
 918760 words of memory out of 5000000
 40750 multiletter control sequences out of 15000+600000
 408944 words of font info for 77 fonts, out of 8000000 for 9000
 14 hyphenation exceptions out of 8191
 86i,11n,121p,1336b,669s stack positions out of 5000i,500n,10000p,200000b,80000s

Output written on DataManagement.pdf (483 pages).
